2020-03-27 11:31:26,045 INFO PERFORMANCE:|3|0|-1|-1

2020-03-27 11:36:26,047 INFO PERFORMANCE:|4|1|-1|-1

2020-03-27 11:41:26,049 INFO PERFORMANCE:|4|1|-1|-1

2020-03-27 11:46:26,051 INFO PERFORMANCE:|4|1|-1|-1

2020-03-27 11:51:26,053 INFO PERFORMANCE:|4|1|-1|-1

2020-03-27 11:56:26,054 INFO PERFORMANCE:|4|1|-1|-1

2020-03-27 12:01:26,056 INFO PERFORMANCE:|4|1|-1|-1

2020-03-27 12:06:26,057 INFO PERFORMANCE:|4|1|-1|-1

2020-03-27 12:11:26,059 INFO PERFORMANCE:|4|1|-1|-1

2020-03-27 12:16:26,059 INFO PERFORMANCE:|4|1|-1|-1

2020-03-27 12:21:26,060 INFO PERFORMANCE:|4|1|-1|-1

2020-03-27 12:26:26,061 INFO PERFORMANCE:|4|1|-1|-1

2020-03-27 12:31:26,063 INFO PERFORMANCE:|4|1|-1|-1

2020-03-27 12:36:26,065 INFO PERFORMANCE:|4|1|-1|-1

2020-03-27 12:41:26,067 INFO PERFORMANCE:|4|1|-1|-1

2020-03-27 12:46:26,068 INFO PERFORMANCE:|4|1|-1|-1

2020-03-27 12:51:26,070 INFO PERFORMANCE:|4|1|-1|-1

2020-03-27 12:56:26,072 INFO PERFORMANCE:|2|2|-1|-1

2020-03-27 13:01:26,074 INFO PERFORMANCE:|2|2|-1|-1

2020-03-27 13:06:26,076 INFO PERFORMANCE:|2|2|-1|-1

2020-03-27 13:11:26,077 INFO PERFORMANCE:|2|2|-1|-1

2020-03-27 13:16:26,079 INFO PERFORMANCE:|0|0|-1|-1

2020-03-27 13:21:26,080 INFO PERFORMANCE:|2|2|-1|-1

2020-03-27 13:26:26,082 INFO PERFORMANCE:|1|1|-1|-1

2020-03-27 13:31:33,794 INFO PERFORMANCE:|0|0|-1|-1

2020-03-27 13:36:33,797 INFO PERFORMANCE:|1|1|-1|-1

2020-03-27 13:41:33,799 INFO PERFORMANCE:|1|1|-1|-1

2020-03-27 13:46:33,801 INFO PERFORMANCE:|0|0|-1|-1

2020-03-27 13:51:33,803 INFO PERFORMANCE:|1|1|-1|-1

2020-03-27 13:56:33,807 INFO PERFORMANCE:|2|2|-1|-1

2020-03-27 14:01:33,808 INFO PERFORMANCE:|2|2|-1|-1

2020-03-27 14:06:33,810 INFO PERFORMANCE:|0|0|-1|-1

2020-03-27 14:11:33,811 INFO PERFORMANCE:|0|0|-1|-1

2020-03-27 14:16:33,812 INFO PERFORMANCE:|0|0|-1|-1

2020-03-27 14:21:33,813 INFO PERFORMANCE:|0|0|-1|-1

2020-03-27 14:26:33,814 INFO PERFORMANCE:|3|3|-1|-1

2020-03-27 14:31:33,816 INFO PERFORMANCE:|2|2|-1|-1

2020-03-27 14:36:33,818 INFO PERFORMANCE:|1|1|-1|-1

2020-03-27 14:41:33,819 INFO PERFORMANCE:|2|2|-1|-1

2020-03-27 14:46:33,820 INFO PERFORMANCE:|2|2|-1|-1

2020-03-27 14:51:33,822 INFO PERFORMANCE:|2|2|-1|-1

2020-03-27 14:56:33,824 INFO PERFORMANCE:|0|0|-1|-1

2020-03-27 15:01:33,825 INFO PERFORMANCE:|1|1|-1|-1

2020-03-27 15:06:33,827 INFO PERFORMANCE:|1|1|-1|-1

2020-03-27 15:11:33,829 INFO PERFORMANCE:|1|1|-1|-1

2020-03-27 15:16:33,830 INFO PERFORMANCE:|3|2|-1|-1

2020-03-27 15:21:33,834 INFO PERFORMANCE:|3|3|-1|-1

2020-03-27 15:26:33,836 INFO PERFORMANCE:|3|2|-1|-1

2020-03-27 15:31:33,838 INFO PERFORMANCE:|3|3|-1|-1

2020-03-27 15:36:33,839 INFO PERFORMANCE:|3|3|-1|-1

2020-03-27 15:41:33,841 INFO PERFORMANCE:|3|3|-1|-1

2020-03-27 15:46:33,842 INFO PERFORMANCE:|3|3|-1|-1

2020-03-27 15:51:33,844 INFO PERFORMANCE:|3|3|-1|-1

2020-03-27 15:56:33,845 INFO PERFORMANCE:|3|3|-1|-1

2020-03-27 16:01:33,847 INFO PERFORMANCE:|3|3|-1|-1

2020-03-27 16:06:33,850 INFO PERFORMANCE:|3|3|-1|-1

2020-03-27 16:11:33,852 INFO PERFORMANCE:|3|3|-1|-1

2020-03-27 16:16:33,853 INFO PERFORMANCE:|3|3|-1|-1

2020-03-27 16:21:33,854 INFO PERFORMANCE:|3|3|-1|-1

2020-03-27 16:26:33,856 INFO PERFORMANCE:|3|3|-1|-1

2020-03-27 16:31:33,857 INFO PERFORMANCE:|3|3|-1|-1

2020-03-27 16:36:33,859 INFO PERFORMANCE:|3|3|-1|-1

2020-03-27 16:41:33,861 INFO PERFORMANCE:|3|3|-1|-1

2020-03-27 16:46:33,862 INFO PERFORMANCE:|3|3|3|3

2020-03-27 16:51:33,864 INFO PERFORMANCE:|3|3|-1|-1

2020-03-27 16:56:33,867 INFO PERFORMANCE:|3|2|-1|-1

2020-03-27 17:01:33,869 INFO PERFORMANCE:|3|3|-1|-1

2020-03-27 17:06:33,869 INFO PERFORMANCE:|3|3|-1|-1

2020-03-27 17:11:33,870 INFO PERFORMANCE:|3|3|-1|-1

2020-03-27 17:16:33,870 INFO PERFORMANCE:|3|3|-1|-1

2020-03-27 17:21:33,871 INFO PERFORMANCE:|3|3|-1|-1

2020-03-27 17:26:33,870 INFO PERFORMANCE:|3|3|-1|-1

2020-03-27 17:31:33,872 INFO PERFORMANCE:|3|3|-1|-1

2020-03-27 17:36:33,873 INFO PERFORMANCE:|3|3|-1|-1

2020-03-27 17:41:33,874 INFO PERFORMANCE:|1|1|-1|-1

2020-03-27 17:46:33,875 INFO PERFORMANCE:|3|3|-1|-1

2020-03-27 17:51:33,877 INFO PERFORMANCE:|3|3|-1|-1

2020-03-27 17:56:33,879 INFO PERFORMANCE:|3|2|-1|-1

2020-03-27 18:01:33,880 INFO PERFORMANCE:|3|0|-1|-1

2020-03-27 18:06:33,881 INFO PERFORMANCE:|3|0|-1|-1

